<?xml version="1.0" encoding="utf-8"?><testsuites name="pytest tests"><testsuite name="pytest" errors="0" failures="0" skipped="0" tests="11" time="4.025" timestamp="2026-04-21T17:57:54.417696+00:00" hostname="agent-env-5b62445e-0527-4955-8c7b-e3415f4efd56"><testcase classname="backend.tests.test_plans_stamps.TestStamps" name="test_list_stamps_returns_four_builtins" time="0.614" /><testcase classname="backend.tests.test_plans_stamps.TestStamps" name="test_delete_builtin_stamp_rejected" time="0.197" /><testcase classname="backend.tests.test_plans_stamps.TestStamps" name="test_create_stamp_as_admin_and_delete" time="0.544" /><testcase classname="backend.tests.test_plans_stamps.TestStamps" name="test_create_stamp_as_non_admin_forbidden" time="0.786" /><testcase classname="backend.tests.test_plans_stamps.TestPlans" name="test_create_plan" time="0.143" /><testcase classname="backend.tests.test_plans_stamps.TestPlans" name="test_list_plans_includes_created" time="0.119" /><testcase classname="backend.tests.test_plans_stamps.TestPlans" name="test_get_plan_returns_full_data" time="0.116" /><testcase classname="backend.tests.test_plans_stamps.TestPlans" name="test_patch_plan_updates_shapes" time="0.717" /><testcase classname="backend.tests.test_plans_stamps.TestPlans" name="test_list_shape_count_reflects_update" time="0.182" /><testcase classname="backend.tests.test_plans_stamps.TestPlans" name="test_delete_plan" time="0.277" /><testcase classname="backend.tests.test_plans_stamps.TestPlans" name="test_plans_requires_auth" time="0.253" /></testsuite></testsuites>