<?xml version="1.0" encoding="utf-8"?><testsuites name="pytest tests"><testsuite name="pytest" errors="0" failures="1" skipped="0" tests="14" time="3.839" timestamp="2026-04-21T16:38:05.691204+00:00" hostname="agent-env-5b62445e-0527-4955-8c7b-e3415f4efd56"><testcase classname="backend.tests.test_materiales" name="test_auth_me" time="0.542" /><testcase classname="backend.tests.test_materiales" name="test_no_token_returns_401" time="0.131" /><testcase classname="backend.tests.test_materiales" name="test_login_invalid" time="0.344" /><testcase classname="backend.tests.test_materiales" name="test_list_materiales" time="0.193" /><testcase classname="backend.tests.test_materiales" name="test_search_bilbao" time="0.126" /><testcase classname="backend.tests.test_materiales" name="test_pending_only_initial" time="0.148" /><testcase classname="backend.tests.test_materiales" name="test_get_single_material" time="0.284" /><testcase classname="backend.tests.test_materiales" name="test_patch_material_sets_pending" time="0.445" /><testcase classname="backend.tests.test_materiales" name="test_get_not_found" time="0.134" /><testcase classname="backend.tests.test_materiales" name="test_stats" time="0.171" /><testcase classname="backend.tests.test_materiales" name="test_onedrive_status_unauth_user" time="0.511" /><testcase classname="backend.tests.test_materiales" name="test_onedrive_login_admin" time="0.381"><failure message="assert 500 == 200&#10; +  where 500 = &lt;Response [500]&gt;.status_code">backend/tests/test_materiales.py:125: in test_onedrive_login_admin
    assert r.status_code == 200
E   assert 500 == 200
E    +  where 500 = &lt;Response [500]&gt;.status_code</failure></testcase><testcase classname="backend.tests.test_materiales" name="test_onedrive_login_forbidden_for_non_admin" time="0.120" /><testcase classname="backend.tests.test_materiales" name="test_sync_import_fails_when_not_connected" time="0.112" /></testsuite></testsuites>